[2023-02-04 06:01:08,823] {taskinstance.py:1179} INFO - Dependencies all met for <TaskInstance: yandex-rates-test.insert_data scheduled__2023-02-04T05:55:00+00:00 [queued]>
[2023-02-04 06:01:08,831] {taskinstance.py:1179} INFO - Dependencies all met for <TaskInstance: yandex-rates-test.insert_data scheduled__2023-02-04T05:55:00+00:00 [queued]>
[2023-02-04 06:01:08,832] {taskinstance.py:1376} INFO - 
--------------------------------------------------------------------------------
[2023-02-04 06:01:08,832] {taskinstance.py:1377} INFO - Starting attempt 1 of 1
[2023-02-04 06:01:08,833] {taskinstance.py:1378} INFO - 
--------------------------------------------------------------------------------
[2023-02-04 06:01:08,846] {taskinstance.py:1397} INFO - Executing <Task(PythonOperator): insert_data> on 2023-02-04 05:55:00+00:00
[2023-02-04 06:01:08,850] {standard_task_runner.py:52} INFO - Started process 1312 to run task
[2023-02-04 06:01:08,852] {standard_task_runner.py:79} INFO - Running: ['***', 'tasks', 'run', 'yandex-rates-test', 'insert_data', 'scheduled__2023-02-04T05:55:00+00:00', '--job-id', '7', '--raw', '--subdir', 'DAGS_FOLDER/yandex_dag_test.py', '--cfg-path', '/tmp/tmpdl1vv3ih', '--error-file', '/tmp/tmpnae7dg13']
[2023-02-04 06:01:08,853] {standard_task_runner.py:80} INFO - Job 7: Subtask insert_data
[2023-02-04 06:01:08,908] {task_command.py:371} INFO - Running <TaskInstance: yandex-rates-test.insert_data scheduled__2023-02-04T05:55:00+00:00 [running]> on host 39df186e1726
[2023-02-04 06:01:08,972] {taskinstance.py:1591} INFO - Exporting the following env vars:
AIRFLOW_CTX_DAG_OWNER=***
AIRFLOW_CTX_DAG_ID=yandex-rates-test
AIRFLOW_CTX_TASK_ID=insert_data
AIRFLOW_CTX_EXECUTION_DATE=2023-02-04T05:55:00+00:00
AIRFLOW_CTX_TRY_NUMBER=1
AIRFLOW_CTX_DAG_RUN_ID=scheduled__2023-02-04T05:55:00+00:00
[2023-02-04 06:01:08,982] {logging_mixin.py:115} INFO - rate_date:  2023-02-04
[2023-02-04 06:01:08,982] {logging_mixin.py:115} INFO - value_:  23510.60869599999932
[2023-02-04 06:01:09,000] {taskinstance.py:1909} ERROR - Task failed with exception
Traceback (most recent call last):
  File "/home/airflow/.local/lib/python3.7/site-packages/airflow/operators/python.py", line 171, in execute
    return_value = self.execute_callable()
  File "/home/airflow/.local/lib/python3.7/site-packages/airflow/operators/python.py", line 189, in execute_callable
    return self.python_callable(*self.op_args, **self.op_kwargs)
  File "/opt/airflow/dags/yandex_dag_test.py", line 66, in insert_data
    pg_conn = get_conn_credentials(dag_variables.get('connection_name'))
  File "/opt/airflow/dags/yandex_dag_test.py", line 105, in get_conn_credentials
    conn = BaseHook.get_connection(conn_id)
  File "/home/airflow/.local/lib/python3.7/site-packages/airflow/hooks/base.py", line 67, in get_connection
    conn = Connection.get_connection_from_secrets(conn_id)
  File "/home/airflow/.local/lib/python3.7/site-packages/airflow/models/connection.py", line 430, in get_connection_from_secrets
    raise AirflowNotFoundException(f"The conn_id `{conn_id}` isn't defined")
airflow.exceptions.AirflowNotFoundException: The conn_id `my_db_conn` isn't defined
[2023-02-04 06:01:09,009] {taskinstance.py:1420} INFO - Marking task as FAILED. dag_id=yandex-rates-test, task_id=insert_data, execution_date=20230204T055500, start_date=20230204T060108, end_date=20230204T060109
[2023-02-04 06:01:09,023] {standard_task_runner.py:97} ERROR - Failed to execute job 7 for task insert_data (The conn_id `my_db_conn` isn't defined; 1312)
[2023-02-04 06:01:09,065] {local_task_job.py:156} INFO - Task exited with return code 1
[2023-02-04 06:01:09,101] {local_task_job.py:273} INFO - 0 downstream tasks scheduled from follow-on schedule check
