[2022-08-16 15:07:02,919] {taskinstance.py:1179} INFO - Dependencies all met for <TaskInstance: yandex-rates-test.waiting_for_file manual__2022-08-16T15:06:58.112001+00:00 [queued]>
[2022-08-16 15:07:03,017] {taskinstance.py:1179} INFO - Dependencies all met for <TaskInstance: yandex-rates-test.waiting_for_file manual__2022-08-16T15:06:58.112001+00:00 [queued]>
[2022-08-16 15:07:03,019] {taskinstance.py:1376} INFO - 
--------------------------------------------------------------------------------
[2022-08-16 15:07:03,021] {taskinstance.py:1377} INFO - Starting attempt 1 of 1
[2022-08-16 15:07:03,037] {taskinstance.py:1378} INFO - 
--------------------------------------------------------------------------------
[2022-08-16 15:07:03,111] {taskinstance.py:1397} INFO - Executing <Task(FileSensor): waiting_for_file> on 2022-08-16 15:06:58.112001+00:00
[2022-08-16 15:07:03,127] {standard_task_runner.py:52} INFO - Started process 6169 to run task
[2022-08-16 15:07:03,159] {standard_task_runner.py:79} INFO - Running: ['***', 'tasks', 'run', 'yandex-rates-test', 'waiting_for_file', 'manual__2022-08-16T15:06:58.112001+00:00', '--job-id', '13', '--raw', '--subdir', 'DAGS_FOLDER/yandex_dag.py', '--cfg-path', '/tmp/tmp3xuer_5s', '--error-file', '/tmp/tmpfecvgjtw']
[2022-08-16 15:07:03,162] {standard_task_runner.py:80} INFO - Job 13: Subtask waiting_for_file
[2022-08-16 15:07:03,533] {task_command.py:371} INFO - Running <TaskInstance: yandex-rates-test.waiting_for_file manual__2022-08-16T15:06:58.112001+00:00 [running]> on host b232b3e4166c
[2022-08-16 15:07:03,873] {taskinstance.py:1591} INFO - Exporting the following env vars:
AIRFLOW_CTX_DAG_OWNER=***
AIRFLOW_CTX_DAG_ID=yandex-rates-test
AIRFLOW_CTX_TASK_ID=waiting_for_file
AIRFLOW_CTX_EXECUTION_DATE=2022-08-16T15:06:58.112001+00:00
AIRFLOW_CTX_TRY_NUMBER=1
AIRFLOW_CTX_DAG_RUN_ID=manual__2022-08-16T15:06:58.112001+00:00
[2022-08-16 15:07:03,950] {taskinstance.py:1909} ERROR - Task failed with exception
Traceback (most recent call last):
  File "/home/airflow/.local/lib/python3.7/site-packages/airflow/sensors/base.py", line 277, in execute
    poke_return = self.poke(context)
  File "/home/airflow/.local/lib/python3.7/site-packages/airflow/sensors/filesystem.py", line 55, in poke
    hook = FSHook(self.fs_conn_id)
  File "/home/airflow/.local/lib/python3.7/site-packages/airflow/hooks/filesystem.py", line 38, in __init__
    conn = self.get_connection(conn_id)
  File "/home/airflow/.local/lib/python3.7/site-packages/airflow/hooks/base.py", line 67, in get_connection
    conn = Connection.get_connection_from_secrets(conn_id)
  File "/home/airflow/.local/lib/python3.7/site-packages/airflow/models/connection.py", line 430, in get_connection_from_secrets
    raise AirflowNotFoundException(f"The conn_id `{conn_id}` isn't defined")
airflow.exceptions.AirflowNotFoundException: The conn_id `fs_default` isn't defined
[2022-08-16 15:07:03,961] {taskinstance.py:1420} INFO - Marking task as FAILED. dag_id=yandex-rates-test, task_id=waiting_for_file, execution_date=20220816T150658, start_date=20220816T150702, end_date=20220816T150703
[2022-08-16 15:07:03,993] {standard_task_runner.py:97} ERROR - Failed to execute job 13 for task waiting_for_file (The conn_id `fs_default` isn't defined; 6169)
[2022-08-16 15:07:04,056] {local_task_job.py:156} INFO - Task exited with return code 1
[2022-08-16 15:07:04,114] {taskinstance.py:1752} ERROR - Error when executing on_failure_callback
Traceback (most recent call last):
  File "/home/airflow/.local/lib/python3.7/site-packages/airflow/models/taskinstance.py", line 1750, in _run_finished_callback
    task.on_failure_callback(context)
  File "/opt/airflow/dags/yandex_dag.py", line 50, in _failure_callback
    if isinstance(context['exception'], AirflowSensorTimeout):
NameError: name 'AirflowSensorTimeout' is not defined
[2022-08-16 15:07:04,180] {local_task_job.py:273} INFO - 0 downstream tasks scheduled from follow-on schedule check
