[2022-08-19 12:47:44,374] {taskinstance.py:1179} INFO - Dependencies all met for <TaskInstance: yandex-rates-test.waiting_for_file scheduled__2022-08-19T09:00:00+00:00 [queued]>
[2022-08-19 12:47:44,404] {taskinstance.py:1179} INFO - Dependencies all met for <TaskInstance: yandex-rates-test.waiting_for_file scheduled__2022-08-19T09:00:00+00:00 [queued]>
[2022-08-19 12:47:44,408] {taskinstance.py:1376} INFO - 
--------------------------------------------------------------------------------
[2022-08-19 12:47:44,410] {taskinstance.py:1377} INFO - Starting attempt 1 of 1
[2022-08-19 12:47:44,417] {taskinstance.py:1378} INFO - 
--------------------------------------------------------------------------------
[2022-08-19 12:47:44,460] {taskinstance.py:1397} INFO - Executing <Task(FileSensor): waiting_for_file> on 2022-08-19 09:00:00+00:00
[2022-08-19 12:47:44,482] {standard_task_runner.py:52} INFO - Started process 2215 to run task
[2022-08-19 12:47:44,495] {standard_task_runner.py:79} INFO - Running: ['***', 'tasks', 'run', 'yandex-rates-test', 'waiting_for_file', 'scheduled__2022-08-19T09:00:00+00:00', '--job-id', '6', '--raw', '--subdir', 'DAGS_FOLDER/yandex_dag.py', '--cfg-path', '/tmp/tmphkfhh0al', '--error-file', '/tmp/tmpl4soghlm']
[2022-08-19 12:47:44,499] {standard_task_runner.py:80} INFO - Job 6: Subtask waiting_for_file
[2022-08-19 12:47:44,731] {task_command.py:371} INFO - Running <TaskInstance: yandex-rates-test.waiting_for_file scheduled__2022-08-19T09:00:00+00:00 [running]> on host 00f41d9230c6
[2022-08-19 12:47:44,954] {taskinstance.py:1591} INFO - Exporting the following env vars:
AIRFLOW_CTX_DAG_OWNER=***
AIRFLOW_CTX_DAG_ID=yandex-rates-test
AIRFLOW_CTX_TASK_ID=waiting_for_file
AIRFLOW_CTX_EXECUTION_DATE=2022-08-19T09:00:00+00:00
AIRFLOW_CTX_TRY_NUMBER=1
AIRFLOW_CTX_DAG_RUN_ID=scheduled__2022-08-19T09:00:00+00:00
[2022-08-19 12:47:45,019] {base.py:68} INFO - Using connection ID 'ya_***_workshop_file_path' for task execution.
[2022-08-19 12:47:45,020] {filesystem.py:58} INFO - Poking for file C:/Users/AbduevSA-LA/Desktop/Yandex/Airflow_workshop/workshop_***-main/.
[2022-08-19 12:47:45,093] {taskinstance.py:1873} INFO - Rescheduling task, marking task as UP_FOR_RESCHEDULE
[2022-08-19 12:47:45,159] {local_task_job.py:156} INFO - Task exited with return code 0
[2022-08-19 12:47:45,392] {local_task_job.py:273} INFO - 0 downstream tasks scheduled from follow-on schedule check
[2022-08-19 12:49:46,296] {taskinstance.py:1179} INFO - Dependencies all met for <TaskInstance: yandex-rates-test.waiting_for_file scheduled__2022-08-19T09:00:00+00:00 [queued]>
[2022-08-19 12:49:46,324] {taskinstance.py:1179} INFO - Dependencies all met for <TaskInstance: yandex-rates-test.waiting_for_file scheduled__2022-08-19T09:00:00+00:00 [queued]>
[2022-08-19 12:49:46,328] {taskinstance.py:1376} INFO - 
--------------------------------------------------------------------------------
[2022-08-19 12:49:46,329] {taskinstance.py:1377} INFO - Starting attempt 1 of 1
[2022-08-19 12:49:46,330] {taskinstance.py:1378} INFO - 
--------------------------------------------------------------------------------
[2022-08-19 12:49:46,369] {taskinstance.py:1397} INFO - Executing <Task(FileSensor): waiting_for_file> on 2022-08-19 09:00:00+00:00
[2022-08-19 12:49:46,376] {standard_task_runner.py:52} INFO - Started process 2312 to run task
[2022-08-19 12:49:46,383] {standard_task_runner.py:79} INFO - Running: ['***', 'tasks', 'run', 'yandex-rates-test', 'waiting_for_file', 'scheduled__2022-08-19T09:00:00+00:00', '--job-id', '7', '--raw', '--subdir', 'DAGS_FOLDER/yandex_dag.py', '--cfg-path', '/tmp/tmp_i5a4yaw', '--error-file', '/tmp/tmpl68ill2u']
[2022-08-19 12:49:46,385] {standard_task_runner.py:80} INFO - Job 7: Subtask waiting_for_file
[2022-08-19 12:49:46,490] {task_command.py:371} INFO - Running <TaskInstance: yandex-rates-test.waiting_for_file scheduled__2022-08-19T09:00:00+00:00 [running]> on host 00f41d9230c6
[2022-08-19 12:49:46,610] {taskinstance.py:1591} INFO - Exporting the following env vars:
AIRFLOW_CTX_DAG_OWNER=***
AIRFLOW_CTX_DAG_ID=yandex-rates-test
AIRFLOW_CTX_TASK_ID=waiting_for_file
AIRFLOW_CTX_EXECUTION_DATE=2022-08-19T09:00:00+00:00
AIRFLOW_CTX_TRY_NUMBER=1
AIRFLOW_CTX_DAG_RUN_ID=scheduled__2022-08-19T09:00:00+00:00
[2022-08-19 12:49:46,639] {base.py:68} INFO - Using connection ID 'ya_***_workshop_file_path' for task execution.
[2022-08-19 12:49:46,644] {filesystem.py:58} INFO - Poking for file C:/Users/AbduevSA-LA/Desktop/Yandex/Airflow_workshop/workshop_***-main/.
[2022-08-19 12:49:46,645] {taskinstance.py:1909} ERROR - Task failed with exception
Traceback (most recent call last):
  File "/home/airflow/.local/lib/python3.7/site-packages/airflow/sensors/base.py", line 288, in execute
    raise AirflowSensorTimeout(f"Snap. Time is OUT. DAG id: {log_dag_id}")
airflow.exceptions.AirflowSensorTimeout: Snap. Time is OUT. DAG id: yandex-rates-test
[2022-08-19 12:49:46,659] {taskinstance.py:1420} INFO - Immediate failure requested. Marking task as FAILED. dag_id=yandex-rates-test, task_id=waiting_for_file, execution_date=20220819T090000, start_date=20220819T124946, end_date=20220819T124946
[2022-08-19 12:49:46,683] {standard_task_runner.py:97} ERROR - Failed to execute job 7 for task waiting_for_file (Snap. Time is OUT. DAG id: yandex-rates-test; 2312)
[2022-08-19 12:49:46,714] {local_task_job.py:156} INFO - Task exited with return code 1
[2022-08-19 12:49:46,753] {logging_mixin.py:115} INFO - {'conf': <***.configuration.AirflowConfigParser object at 0x7fdb0783b690>, 'dag': <DAG: yandex-rates-test>, 'dag_run': <DagRun yandex-rates-test @ 2022-08-19 09:00:00+00:00: scheduled__2022-08-19T09:00:00+00:00, externally triggered: False>, 'data_interval_end': DateTime(2022, 8, 19, 12, 0, 0, tzinfo=Timezone('UTC')), 'data_interval_start': DateTime(2022, 8, 19, 9, 0, 0, tzinfo=Timezone('UTC')), 'ds': '2022-08-19', 'ds_nodash': '20220819', 'execution_date': DateTime(2022, 8, 19, 9, 0, 0, tzinfo=Timezone('UTC')), 'inlets': [], 'logical_date': DateTime(2022, 8, 19, 9, 0, 0, tzinfo=Timezone('UTC')), 'macros': <module '***.macros' from '/home/***/.local/lib/python3.7/site-packages/***/macros/__init__.py'>, 'next_ds': '2022-08-19', 'next_ds_nodash': '20220819', 'next_execution_date': DateTime(2022, 8, 19, 12, 0, 0, tzinfo=Timezone('UTC')), 'outlets': [], 'params': {}, 'prev_data_interval_start_success': None, 'prev_data_interval_end_success': None, 'prev_ds': '2022-08-19', 'prev_ds_nodash': '20220819', 'prev_execution_date': DateTime(2022, 8, 19, 6, 0, 0, tzinfo=Timezone('UTC')), 'prev_execution_date_success': None, 'prev_start_date_success': None, 'run_id': 'scheduled__2022-08-19T09:00:00+00:00', 'task': <Task(FileSensor): waiting_for_file>, 'task_instance': <TaskInstance: yandex-rates-test.waiting_for_file scheduled__2022-08-19T09:00:00+00:00 [failed]>, 'task_instance_key_str': 'yandex-rates-test__waiting_for_file__20220819', 'test_mode': False, 'ti': <TaskInstance: yandex-rates-test.waiting_for_file scheduled__2022-08-19T09:00:00+00:00 [failed]>, 'tomorrow_ds': '2022-08-20', 'tomorrow_ds_nodash': '20220820', 'ts': '2022-08-19T09:00:00+00:00', 'ts_nodash': '20220819T090000', 'ts_nodash_with_tz': '20220819T090000+0000', 'var': {'json': None, 'value': None}, 'conn': None, 'yesterday_ds': '2022-08-18', 'yesterday_ds_nodash': '20220818', 'exception': AirflowSensorTimeout('Snap. Time is OUT. DAG id: yandex-rates-test')}
[2022-08-19 12:49:46,754] {logging_mixin.py:115} INFO - Sensor timed out
[2022-08-19 12:49:46,810] {local_task_job.py:273} INFO - 0 downstream tasks scheduled from follow-on schedule check
