[2022-11-05 16:18:14,901] {taskinstance.py:1179} INFO - Dependencies all met for <TaskInstance: yandex-rates-test.insert_data manual__2022-11-05T16:13:52.395507+00:00 [queued]>
[2022-11-05 16:18:15,105] {taskinstance.py:1179} INFO - Dependencies all met for <TaskInstance: yandex-rates-test.insert_data manual__2022-11-05T16:13:52.395507+00:00 [queued]>
[2022-11-05 16:18:15,115] {taskinstance.py:1376} INFO - 
--------------------------------------------------------------------------------
[2022-11-05 16:18:15,141] {taskinstance.py:1377} INFO - Starting attempt 1 of 1
[2022-11-05 16:18:15,147] {taskinstance.py:1378} INFO - 
--------------------------------------------------------------------------------
[2022-11-05 16:18:15,776] {taskinstance.py:1397} INFO - Executing <Task(PythonOperator): insert_data> on 2022-11-05 16:13:52.395507+00:00
[2022-11-05 16:18:15,826] {standard_task_runner.py:52} INFO - Started process 5322 to run task
[2022-11-05 16:18:16,011] {standard_task_runner.py:79} INFO - Running: ['***', 'tasks', 'run', 'yandex-rates-test', 'insert_data', 'manual__2022-11-05T16:13:52.395507+00:00', '--job-id', '30', '--raw', '--subdir', 'DAGS_FOLDER/yandex_dag_test.py', '--cfg-path', '/tmp/tmpczuffyiu', '--error-file', '/tmp/tmpwfgaxb5o']
[2022-11-05 16:18:16,101] {standard_task_runner.py:80} INFO - Job 30: Subtask insert_data
[2022-11-05 16:18:20,081] {task_command.py:371} INFO - Running <TaskInstance: yandex-rates-test.insert_data manual__2022-11-05T16:13:52.395507+00:00 [running]> on host ec0dc6e942fe
[2022-11-05 16:18:23,970] {taskinstance.py:1591} INFO - Exporting the following env vars:
AIRFLOW_CTX_DAG_OWNER=***
AIRFLOW_CTX_DAG_ID=yandex-rates-test
AIRFLOW_CTX_TASK_ID=insert_data
AIRFLOW_CTX_EXECUTION_DATE=2022-11-05T16:13:52.395507+00:00
AIRFLOW_CTX_TRY_NUMBER=1
AIRFLOW_CTX_DAG_RUN_ID=manual__2022-11-05T16:13:52.395507+00:00
[2022-11-05 16:18:24,119] {logging_mixin.py:115} INFO - rate_date:  2022-11-05
[2022-11-05 16:18:24,122] {logging_mixin.py:115} INFO - value_:  21243.82978699999875
[2022-11-05 16:18:24,131] {taskinstance.py:1909} ERROR - Task failed with exception
Traceback (most recent call last):
  File "/home/airflow/.local/lib/python3.7/site-packages/airflow/operators/python.py", line 171, in execute
    return_value = self.execute_callable()
  File "/home/airflow/.local/lib/python3.7/site-packages/airflow/operators/python.py", line 189, in execute_callable
    return self.python_callable(*self.op_args, **self.op_kwargs)
  File "/opt/airflow/dags/yandex_dag_test.py", line 65, in insert_data
    pg_conn = get_conn_credentials(dag_variables.get('connection_name'))
NameError: name 'get_conn_credentials' is not defined
[2022-11-05 16:18:24,180] {taskinstance.py:1420} INFO - Marking task as FAILED. dag_id=yandex-rates-test, task_id=insert_data, execution_date=20221105T161352, start_date=20221105T161814, end_date=20221105T161824
[2022-11-05 16:18:24,297] {standard_task_runner.py:97} ERROR - Failed to execute job 30 for task insert_data (name 'get_conn_credentials' is not defined; 5322)
[2022-11-05 16:18:24,425] {local_task_job.py:156} INFO - Task exited with return code 1
[2022-11-05 16:18:24,723] {local_task_job.py:273} INFO - 0 downstream tasks scheduled from follow-on schedule check
