[2022-11-05 14:44:50,927] {taskinstance.py:1179} INFO - Dependencies all met for <TaskInstance: yandex-rates-test.insert_data scheduled__2022-11-05T09:00:00+00:00 [queued]>
[2022-11-05 14:44:51,059] {taskinstance.py:1179} INFO - Dependencies all met for <TaskInstance: yandex-rates-test.insert_data scheduled__2022-11-05T09:00:00+00:00 [queued]>
[2022-11-05 14:44:51,060] {taskinstance.py:1376} INFO - 
--------------------------------------------------------------------------------
[2022-11-05 14:44:51,061] {taskinstance.py:1377} INFO - Starting attempt 1 of 1
[2022-11-05 14:44:51,064] {taskinstance.py:1378} INFO - 
--------------------------------------------------------------------------------
[2022-11-05 14:44:51,311] {taskinstance.py:1397} INFO - Executing <Task(PythonOperator): insert_data> on 2022-11-05 09:00:00+00:00
[2022-11-05 14:44:51,487] {standard_task_runner.py:52} INFO - Started process 1952 to run task
[2022-11-05 14:44:51,491] {standard_task_runner.py:79} INFO - Running: ['***', 'tasks', 'run', 'yandex-rates-test', 'insert_data', 'scheduled__2022-11-05T09:00:00+00:00', '--job-id', '8', '--raw', '--subdir', 'DAGS_FOLDER/yandex_dag_test.py', '--cfg-path', '/tmp/tmpergqslbr', '--error-file', '/tmp/tmpkq_3nxrw']
[2022-11-05 14:44:51,738] {standard_task_runner.py:80} INFO - Job 8: Subtask insert_data
[2022-11-05 14:44:52,708] {task_command.py:371} INFO - Running <TaskInstance: yandex-rates-test.insert_data scheduled__2022-11-05T09:00:00+00:00 [running]> on host ec0dc6e942fe
[2022-11-05 14:44:53,195] {taskinstance.py:1591} INFO - Exporting the following env vars:
AIRFLOW_CTX_DAG_OWNER=***
AIRFLOW_CTX_DAG_ID=yandex-rates-test
AIRFLOW_CTX_TASK_ID=insert_data
AIRFLOW_CTX_EXECUTION_DATE=2022-11-05T09:00:00+00:00
AIRFLOW_CTX_TRY_NUMBER=1
AIRFLOW_CTX_DAG_RUN_ID=scheduled__2022-11-05T09:00:00+00:00
[2022-11-05 14:44:53,200] {taskinstance.py:1909} ERROR - Task failed with exception
Traceback (most recent call last):
  File "/home/airflow/.local/lib/python3.7/site-packages/airflow/operators/python.py", line 171, in execute
    return_value = self.execute_callable()
  File "/home/airflow/.local/lib/python3.7/site-packages/airflow/operators/python.py", line 189, in execute_callable
    return self.python_callable(*self.op_args, **self.op_kwargs)
TypeError: insert_data() missing 4 required positional arguments: 'hist_date', 'data', 'rate_date', and 'value_'
[2022-11-05 14:44:53,233] {taskinstance.py:1420} INFO - Marking task as FAILED. dag_id=yandex-rates-test, task_id=insert_data, execution_date=20221105T090000, start_date=20221105T144450, end_date=20221105T144453
[2022-11-05 14:44:53,380] {standard_task_runner.py:97} ERROR - Failed to execute job 8 for task insert_data (insert_data() missing 4 required positional arguments: 'hist_date', 'data', 'rate_date', and 'value_'; 1952)
[2022-11-05 14:44:53,484] {local_task_job.py:156} INFO - Task exited with return code 1
[2022-11-05 14:44:54,618] {local_task_job.py:273} INFO - 0 downstream tasks scheduled from follow-on schedule check
